<?xml version="1.0" encoding="UTF-8"?>
<!-- Generated by org.testng.reporters.JUnitXMLReporter -->
<testsuite ignored="0" hostname="Muthukumar" failures="0" tests="6" name="Default test" time="26.943" errors="0" timestamp="2023-11-21T13:20:09 IST">
  <testcase classname="com.crm.qa.testcases.LoginPageTest" name="LoginPageTitleTest" time="0.017"/>
  <testcase classname="com.crm.qa.testcases.LoginPageTest" name="LogoTest" time="0.059"/>
  <testcase classname="com.crm.qa.testcases.LoginPageTest" name="LoginTest" time="1.405"/>
  <testcase classname="com.crm.qa.testcases.LoginSuccessPageTest" name="verifyTitleTest" time="0.007"/>
  <testcase classname="com.crm.qa.testcases.LoginSuccessPageTest" name="verifyHeaderTest" time="0.036"/>
  <testcase classname="com.crm.qa.testcases.LoginSuccessPageTest" name="logoutTest" time="0.561"/>
</testsuite> <!-- Default test -->
