<?xml version="1.0" encoding="UTF-8"?>
<testng-results ignored="0" total="6" passed="6" failed="0" skipped="0">
  <reporter-output>
  </reporter-output>
  <suite started-at="2023-11-21T13:19:42 IST" name="Default suite" finished-at="2023-11-21T13:20:09 IST" duration-ms="26943">
    <groups>
    </groups>
    <test started-at="2023-11-21T13:19:42 IST" name="Default test" finished-at="2023-11-21T13:20:09 IST" duration-ms="26943">
      <class name="com.crm.qa.testcases.LoginPageTest">
        <test-method is-config="true" signature="setup()[pri:0, instance:com.crm.qa.testcases.LoginPageTest@2b91004a]" started-at="2023-11-21T13:19:42 IST" name="setup" finished-at="2023-11-21T13:19:47 IST" duration-ms="4396" status="PASS">
          <reporter-output>
          </reporter-output>
        </test-method> <!-- setup -->
        <test-method signature="LoginPageTitleTest()[pri:1, instance:com.crm.qa.testcases.LoginPageTest@2b91004a]" started-at="2023-11-21T13:19:47 IST" name="LoginPageTitleTest" finished-at="2023-11-21T13:19:47 IST" duration-ms="17" status="PASS">
          <reporter-output>
          </reporter-output>
        </test-method> <!-- LoginPageTitleTest -->
        <test-method is-config="true" signature="teardown()[pri:0, instance:com.crm.qa.testcases.LoginPageTest@2b91004a]" started-at="2023-11-21T13:19:47 IST" name="teardown" finished-at="2023-11-21T13:19:47 IST" duration-ms="197" status="PASS">
          <reporter-output>
          </reporter-output>
        </test-method> <!-- teardown -->
        <test-method is-config="true" signature="setup()[pri:0, instance:com.crm.qa.testcases.LoginPageTest@2b91004a]" started-at="2023-11-21T13:19:47 IST" name="setup" finished-at="2023-11-21T13:19:50 IST" duration-ms="3032" status="PASS">
          <reporter-output>
          </reporter-output>
        </test-method> <!-- setup -->
        <test-method signature="LogoTest()[pri:2, instance:com.crm.qa.testcases.LoginPageTest@2b91004a]" started-at="2023-11-21T13:19:50 IST" name="LogoTest" finished-at="2023-11-21T13:19:50 IST" duration-ms="59" status="PASS">
          <reporter-output>
          </reporter-output>
        </test-method> <!-- LogoTest -->
        <test-method is-config="true" signature="teardown()[pri:0, instance:com.crm.qa.testcases.LoginPageTest@2b91004a]" started-at="2023-11-21T13:19:50 IST" name="teardown" finished-at="2023-11-21T13:19:50 IST" duration-ms="145" status="PASS">
          <reporter-output>
          </reporter-output>
        </test-method> <!-- teardown -->
        <test-method is-config="true" signature="setup()[pri:0, instance:com.crm.qa.testcases.LoginPageTest@2b91004a]" started-at="2023-11-21T13:19:50 IST" name="setup" finished-at="2023-11-21T13:19:54 IST" duration-ms="3598" status="PASS">
          <reporter-output>
          </reporter-output>
        </test-method> <!-- setup -->
        <test-method signature="LoginTest()[pri:3, instance:com.crm.qa.testcases.LoginPageTest@2b91004a]" started-at="2023-11-21T13:19:54 IST" name="LoginTest" finished-at="2023-11-21T13:19:55 IST" duration-ms="1405" status="PASS">
          <reporter-output>
          </reporter-output>
        </test-method> <!-- LoginTest -->
        <test-method is-config="true" signature="teardown()[pri:0, instance:com.crm.qa.testcases.LoginPageTest@2b91004a]" started-at="2023-11-21T13:19:55 IST" name="teardown" finished-at="2023-11-21T13:19:55 IST" duration-ms="138" status="PASS">
          <reporter-output>
          </reporter-output>
        </test-method> <!-- teardown -->
      </class> <!-- com.crm.qa.testcases.LoginPageTest -->
      <class name="com.crm.qa.testcases.LoginSuccessPageTest">
        <test-method is-config="true" signature="setup()[pri:0, instance:com.crm.qa.testcases.LoginSuccessPageTest@1de5f259]" started-at="2023-11-21T13:19:55 IST" name="setup" finished-at="2023-11-21T13:20:00 IST" duration-ms="4293" status="PASS">
          <reporter-output>
          </reporter-output>
        </test-method> <!-- setup -->
        <test-method signature="verifyTitleTest()[pri:1, instance:com.crm.qa.testcases.LoginSuccessPageTest@1de5f259]" started-at="2023-11-21T13:20:00 IST" name="verifyTitleTest" finished-at="2023-11-21T13:20:00 IST" duration-ms="7" status="PASS">
          <reporter-output>
          </reporter-output>
        </test-method> <!-- verifyTitleTest -->
        <test-method is-config="true" signature="teardown()[pri:0, instance:com.crm.qa.testcases.LoginSuccessPageTest@1de5f259]" started-at="2023-11-21T13:20:00 IST" name="teardown" finished-at="2023-11-21T13:20:00 IST" duration-ms="135" status="PASS">
          <reporter-output>
          </reporter-output>
        </test-method> <!-- teardown -->
        <test-method is-config="true" signature="setup()[pri:0, instance:com.crm.qa.testcases.LoginSuccessPageTest@1de5f259]" started-at="2023-11-21T13:20:00 IST" name="setup" finished-at="2023-11-21T13:20:04 IST" duration-ms="4279" status="PASS">
          <reporter-output>
          </reporter-output>
        </test-method> <!-- setup -->
        <test-method signature="verifyHeaderTest()[pri:2, instance:com.crm.qa.testcases.LoginSuccessPageTest@1de5f259]" started-at="2023-11-21T13:20:04 IST" name="verifyHeaderTest" finished-at="2023-11-21T13:20:04 IST" duration-ms="36" status="PASS">
          <reporter-output>
          </reporter-output>
        </test-method> <!-- verifyHeaderTest -->
        <test-method is-config="true" signature="teardown()[pri:0, instance:com.crm.qa.testcases.LoginSuccessPageTest@1de5f259]" started-at="2023-11-21T13:20:04 IST" name="teardown" finished-at="2023-11-21T13:20:04 IST" duration-ms="128" status="PASS">
          <reporter-output>
          </reporter-output>
        </test-method> <!-- teardown -->
        <test-method is-config="true" signature="setup()[pri:0, instance:com.crm.qa.testcases.LoginSuccessPageTest@1de5f259]" started-at="2023-11-21T13:20:04 IST" name="setup" finished-at="2023-11-21T13:20:09 IST" duration-ms="4345" status="PASS">
          <reporter-output>
          </reporter-output>
        </test-method> <!-- setup -->
        <test-method signature="logoutTest()[pri:3, instance:com.crm.qa.testcases.LoginSuccessPageTest@1de5f259]" started-at="2023-11-21T13:20:09 IST" name="logoutTest" finished-at="2023-11-21T13:20:09 IST" duration-ms="561" status="PASS">
          <reporter-output>
          </reporter-output>
        </test-method> <!-- logoutTest -->
        <test-method is-config="true" signature="teardown()[pri:0, instance:com.crm.qa.testcases.LoginSuccessPageTest@1de5f259]" started-at="2023-11-21T13:20:09 IST" name="teardown" finished-at="2023-11-21T13:20:09 IST" duration-ms="138" status="PASS">
          <reporter-output>
          </reporter-output>
        </test-method> <!-- teardown -->
      </class> <!-- com.crm.qa.testcases.LoginSuccessPageTest -->
    </test> <!-- Default test -->
  </suite> <!-- Default suite -->
</testng-results>
