<?xml version="1.0" encoding="UTF-8"?>
<!-- Generated by org.testng.reporters.JUnitXMLReporter -->
<testsuite ignored="0" hostname="Muthukumar" failures="1" tests="2" name="Test" time="10.889" errors="0" timestamp="2023-11-10T20:01:28 IST">
  <testcase classname="guru99" name="TestToFail" time="0.017">
    <failure type="java.lang.AssertionError" message="expected [true] but found [false]">
      <![CDATA[java.lang.AssertionError: expected [true] but found [false]
at guru99.TestToFail(guru99.java:45)
at java.base/java.util.ArrayList.forEach(ArrayList.java:1511)
... Removed 31 stack frames]]>
    </failure>
  </testcase> <!-- TestToFail -->
  <testcase classname="guru99" name="guruLogin" time="8.819"/>
</testsuite> <!-- Test -->
