<?xml version="1.0" encoding="UTF-8"?>
<!-- Generated by org.testng.reporters.JUnitXMLReporter -->
<testsuite ignored="1" hostname="Muthukumar" failures="2" tests="2" name="Default test(failed)" time="4.709" errors="0" timestamp="2023-10-17T16:35:28 IST">
  <testcase classname="NewTestNG" name="google" time="1.641">
    <failure type="java.lang.AssertionError" message="expected [page title] but found [Google]">
      <![CDATA[java.lang.AssertionError: expected [page title] but found [Google]
at NewTestNG.google(NewTestNG.java:37)
at java.base/java.util.ArrayList.forEach(ArrayList.java:1511)
... Removed 33 stack frames]]>
    </failure>
  </testcase> <!-- google -->
  <testcase classname="NewTestNG" name="Bing" time="0.511">
    <failure type="java.lang.AssertionError" message="expected [page title] but found [Bing]">
      <![CDATA[java.lang.AssertionError: expected [page title] but found [Bing]
at NewTestNG.Bing(NewTestNG.java:45)
at java.base/java.util.ArrayList.forEach(ArrayList.java:1511)
... Removed 33 stack frames]]>
    </failure>
  </testcase> <!-- Bing -->
  <testcase classname="NewTestNG" name="automationbookstore" time="0.0">
    <ignored/>
  </testcase> <!-- automationbookstore -->
</testsuite> <!-- Default test(failed) -->
