<?xml version="1.0" encoding="UTF-8"?>
<!-- Generated by org.testng.reporters.JUnitXMLReporter -->
<testsuite ignored="0" hostname="Muthukumar" failures="0" tests="4" name="Test" time="6.13" errors="0" timestamp="2023-10-18T14:58:08 IST">
  <testcase classname="sameTestMultiTimes" name="f" time="1.817"/>
  <testcase classname="sameTestMultiTimes" name="f" time="2.862"/>
  <testcase classname="sameTestMultiTimes" name="f" time="3.404"/>
  <testcase classname="sameTestMultiTimes" name="f" time="3.961"/>
</testsuite> <!-- Test -->
