<?xml version="1.0" encoding="UTF-8"?>
<testng-results ignored="1" total="2" passed="1" failed="0" skipped="0">
  <reporter-output>
  </reporter-output>
  <suite started-at="2023-11-09T13:26:49 IST" name="Default suite" finished-at="2023-11-09T13:26:57 IST" duration-ms="7825">
    <groups>
    </groups>
    <test started-at="2023-11-09T13:26:49 IST" name="Default test" finished-at="2023-11-09T13:26:57 IST" duration-ms="7825">
      <class name="testUtils.testIncognito">
        <test-method signature="Chromeincognito()[pri:0, instance:testUtils.testIncognito@4d5b6aac]" started-at="2023-11-09T13:26:49 IST" name="Chromeincognito" finished-at="2023-11-09T13:26:57 IST" duration-ms="7797" status="PASS">
          <reporter-output>
          </reporter-output>
        </test-method> <!-- Chromeincognito -->
      </class> <!-- testUtils.testIncognito -->
    </test> <!-- Default test -->
  </suite> <!-- Default suite -->
</testng-results>
