<?xml version="1.0" encoding="UTF-8"?>
<!-- Generated by org.testng.reporters.JUnitXMLReporter -->
<testsuite ignored="0" hostname="Muthukumar" failures="0" tests="3" name="test" time="4.549" errors="0" timestamp="2023-11-21T12:46:10 IST">
  <testcase classname="com.crm.qa.testcases.LoginPageTest" name="LoginPageTitleTest" time="0.154"/>
  <testcase classname="com.crm.qa.testcases.LoginPageTest" name="LogoTest" time="0.034"/>
  <testcase classname="com.crm.qa.testcases.LoginPageTest" name="LoginTest" time="0.184"/>
</testsuite> <!-- test -->
