<?xml version="1.0" encoding="UTF-8"?>
<!-- Generated by org.testng.reporters.JUnitXMLReporter -->
<testsuite ignored="1" hostname="Muthukumar" failures="0" tests="1" name="Default test" time="7.825" errors="0" timestamp="2023-11-09T13:26:57 IST">
  <testcase classname="testUtils.testIncognito" name="Chromeincognito" time="7.797"/>
  <testcase classname="testUtils.testIncognito" name="EdgeInPrivate" time="0.0">
    <ignored/>
  </testcase> <!-- EdgeInPrivate -->
</testsuite> <!-- Default test -->
